<?xml version="1.0" encoding="UTF-8"?>
<testng-results ignored="0" total="2" passed="2" failed="0" skipped="0">
  <reporter-output>
  </reporter-output>
  <suite started-at="2024-07-10T15:43:22 IST" name="Master Suite" finished-at="2024-07-10T15:43:38 IST" duration-ms="15958">
    <groups>
      <group name="regression">
        <method signature="TC001_VerifyAccountRegistrationPage.verify_account_registration()[pri:0, instance:testCases.TC001_VerifyAccountRegistrationPage@1bdf8190]" name="verify_account_registration" class="testCases.TC001_VerifyAccountRegistrationPage"/>
        <method signature="TC002_LoginTest.verify_login()[pri:0, instance:testCases.TC002_LoginTest@c65a5ef]" name="verify_login" class="testCases.TC002_LoginTest"/>
      </group> <!-- regression -->
      <group name="sanity">
        <method signature="TC001_VerifyAccountRegistrationPage.verify_account_registration()[pri:0, instance:testCases.TC001_VerifyAccountRegistrationPage@1bdf8190]" name="verify_account_registration" class="testCases.TC001_VerifyAccountRegistrationPage"/>
        <method signature="TC002_LoginTest.verify_login()[pri:0, instance:testCases.TC002_LoginTest@c65a5ef]" name="verify_login" class="testCases.TC002_LoginTest"/>
      </group> <!-- sanity -->
      <group name="master">
        <method signature="TC001_VerifyAccountRegistrationPage.verify_account_registration()[pri:0, instance:testCases.TC001_VerifyAccountRegistrationPage@1bdf8190]" name="verify_account_registration" class="testCases.TC001_VerifyAccountRegistrationPage"/>
        <method signature="TC002_LoginTest.verify_login()[pri:0, instance:testCases.TC002_LoginTest@c65a5ef]" name="verify_login" class="testCases.TC002_LoginTest"/>
      </group> <!-- master -->
    </groups>
    <test started-at="2024-07-10T15:43:22 IST" name="chromeTest" finished-at="2024-07-10T15:43:38 IST" duration-ms="15958">
      <class name="testCases.TC001_VerifyAccountRegistrationPage">
        <test-method is-config="true" signature="setup(java.lang.String,java.lang.String)[pri:0, instance:testCases.TC001_VerifyAccountRegistrationPage@1bdf8190]" started-at="2024-07-10T15:43:23 IST" name="setup" finished-at="2024-07-10T15:43:29 IST" duration-ms="5747" status="PASS">
          <params>
            <param index="0">
              <value>
                <![CDATA[Windows]]>
              </value>
            </param>
            <param index="1">
              <value>
                <![CDATA[chrome]]>
              </value>
            </param>
          </params>
          <reporter-output>
          </reporter-output>
        </test-method> <!-- setup -->
        <test-method signature="verify_account_registration()[pri:0, instance:testCases.TC001_VerifyAccountRegistrationPage@1bdf8190]" started-at="2024-07-10T15:43:29 IST" name="verify_account_registration" finished-at="2024-07-10T15:43:32 IST" duration-ms="3554" status="PASS">
          <reporter-output>
          </reporter-output>
        </test-method> <!-- verify_account_registration -->
        <test-method is-config="true" signature="tearDown()[pri:0, instance:testCases.TC001_VerifyAccountRegistrationPage@1bdf8190]" started-at="2024-07-10T15:43:32 IST" name="tearDown" finished-at="2024-07-10T15:43:33 IST" duration-ms="308" status="PASS">
          <reporter-output>
          </reporter-output>
        </test-method> <!-- tearDown -->
      </class> <!-- testCases.TC001_VerifyAccountRegistrationPage -->
      <class name="testCases.TC002_LoginTest">
        <test-method is-config="true" signature="setup(java.lang.String,java.lang.String)[pri:0, instance:testCases.TC002_LoginTest@c65a5ef]" started-at="2024-07-10T15:43:33 IST" name="setup" finished-at="2024-07-10T15:43:36 IST" duration-ms="3557" status="PASS">
          <params>
            <param index="0">
              <value>
                <![CDATA[Windows]]>
              </value>
            </param>
            <param index="1">
              <value>
                <![CDATA[chrome]]>
              </value>
            </param>
          </params>
          <reporter-output>
          </reporter-output>
        </test-method> <!-- setup -->
        <test-method signature="verify_login()[pri:0, instance:testCases.TC002_LoginTest@c65a5ef]" started-at="2024-07-10T15:43:36 IST" name="verify_login" finished-at="2024-07-10T15:43:38 IST" duration-ms="1925" status="PASS">
          <reporter-output>
          </reporter-output>
        </test-method> <!-- verify_login -->
        <test-method is-config="true" signature="tearDown()[pri:0, instance:testCases.TC002_LoginTest@c65a5ef]" started-at="2024-07-10T15:43:38 IST" name="tearDown" finished-at="2024-07-10T15:43:38 IST" duration-ms="318" status="PASS">
          <reporter-output>
          </reporter-output>
        </test-method> <!-- tearDown -->
      </class> <!-- testCases.TC002_LoginTest -->
    </test> <!-- chromeTest -->
  </suite> <!-- Master Suite -->
</testng-results>
